C51 COMPILER V9.54   AT24C02                                                               07/11/2024 09:04:30 PAGE 1   


C51 COMPILER V9.54, COMPILATION OF MODULE AT24C02
OBJECT MODULE PLACED IN .\Objects\AT24C02.obj
COMPILER INVOKED BY: D:\keil\C51\BIN\C51.EXE AT24C02.c LARGE OPTIMIZE(8,SPEED) BROWSE DEBUG OBJECTEXTEND PRINT(.\Listing
                    -s\AT24C02.lst) TABS(2) OBJECT(.\Objects\AT24C02.obj)

line level    source

   1          #include <STC89C5xRC.H>
   2          #include "I2C1.h"
   3          #include "Delay.h"
   4          #define AT24C02_Address 0xA0
   5          void AT24C02_WriteByte(unsigned char WordAddress,Data)
   6          {
   7   1        I2CStart();
   8   1        I2CSendByte(AT24C02_Address);
   9   1        I2CReceiveACK();
  10   1        I2CSendByte(WordAddress);
  11   1        I2CReceiveACK();
  12   1        I2CSendByte(Data);
  13   1        I2CReceiveACK();
  14   1        I2CStop();
  15   1        
  16   1      }
  17          unsigned char AT24C02_ReadByte(unsigned char WordAddress)
  18          {
  19   1        unsigned char Data;
  20   1        I2CStart();
  21   1        I2CSendByte(AT24C02_Address);
  22   1        I2CReceiveACK();
  23   1        I2CSendByte(WordAddress);
  24   1        I2CReceiveACK();
  25   1        I2CStart();
  26   1        I2CSendByte(AT24C02_Address|0x01);
  27   1        I2CReceiveACK();
  28   1        Data=I2CReceiveByte();  
  29   1        I2CSendACK(1);  
  30   1        I2CStop();    
  31   1          return Data;
  32   1      
  33   1      } 


MODULE INFORMATION:   STATIC OVERLAYABLE
   CODE SIZE        =    108    ----
   CONSTANT SIZE    =   ----    ----
   XDATA SIZE       =   ----       5
   PDATA SIZE       =   ----    ----
   DATA SIZE        =   ----    ----
   IDATA SIZE       =   ----    ----
   BIT SIZE         =   ----    ----
END OF MODULE INFORMATION.


C51 COMPILATION COMPLETE.  0 WARNING(S),  0 ERROR(S)
