C51 COMPILER V9.54   I2C1                                                                  07/11/2024 09:04:30 PAGE 1   


C51 COMPILER V9.54, COMPILATION OF MODULE I2C1
OBJECT MODULE PLACED IN .\Objects\I2C1.obj
COMPILER INVOKED BY: D:\keil\C51\BIN\C51.EXE I2C1.c LARGE OPTIMIZE(8,SPEED) BROWSE DEBUG OBJECTEXTEND PRINT(.\Listings\I
                    -2C1.lst) TABS(2) OBJECT(.\Objects\I2C1.obj)

line level    source

   1          #include <STC89C5xRC.H>
   2          sbit I2CSCL=P2^1;
   3          sbit I2CSDA=P2^0;
   4          
   5          void I2CStart()
   6          {
   7   1        I2CSDA=1;
   8   1        I2CSCL=1;
   9   1        I2CSDA=0;
  10   1        I2CSCL=0;
  11   1      }
  12          void I2CStop()
  13          {
  14   1        I2CSDA=0;
  15   1        I2CSCL=1;
  16   1        I2CSDA=1;
  17   1      }
  18          void I2CSendByte(unsigned char Byte)
  19          {
  20   1        unsigned char i;
  21   1        for(i=0;i<8;i++){
  22   2        I2CSDA=Byte&(0x80>>i);
  23   2        I2CSCL=1;
  24   2        I2CSCL=0;
  25   2            
  26   2        }
  27   1      }
  28          unsigned char I2CReceiveByte()
  29          {
  30   1      unsigned char Byte=0x00,i;
  31   1        I2CSDA=1; 
  32   1      for(i=0;i<8;i++)
  33   1        {
  34   2        I2CSCL=1;
  35   2        if(I2CSDA){Byte|=(0x80>>i);}
  36   2        I2CSCL=0;
  37   2        }
  38   1          return Byte;
  39   1      }
  40          void I2CSendACK(unsigned char ACKbit)
  41          {
  42   1        I2CSDA=ACKbit; 
  43   1        I2CSCL=1;
  44   1        I2CSCL=0; 
  45   1      }
  46          unsigned char I2CReceiveACK()
  47          {
  48   1        unsigned char ACKbit;
  49   1        I2CSDA=1;
  50   1        I2CSCL=1;
  51   1        ACKbit=I2CSDA;
  52   1        I2CSCL=0;
  53   1          return ACKbit;
  54   1      }
C51 COMPILER V9.54   I2C1                                                                  07/11/2024 09:04:30 PAGE 2   



MODULE INFORMATION:   STATIC OVERLAYABLE
   CODE SIZE        =    111    ----
   CONSTANT SIZE    =   ----    ----
   XDATA SIZE       =   ----    ----
   PDATA SIZE       =   ----    ----
   DATA SIZE        =   ----    ----
   IDATA SIZE       =   ----    ----
   BIT SIZE         =   ----    ----
END OF MODULE INFORMATION.


C51 COMPILATION COMPLETE.  0 WARNING(S),  0 ERROR(S)
