C51 COMPILER V9.54   KEY                                                                   07/12/2024 18:59:42 PAGE 1   


C51 COMPILER V9.54, COMPILATION OF MODULE KEY
OBJECT MODULE PLACED IN .\Objects\Key.obj
COMPILER INVOKED BY: D:\keil\C51\BIN\C51.EXE Key.c LARGE OPTIMIZE(8,SPEED) BROWSE DEBUG OBJECTEXTEND PRINT(.\Listings\Ke
                    -y.lst) TABS(2) OBJECT(.\Objects\Key.obj)

line level    source

   1          #include <STC89C5xRC.H>
   2          #include "Timer0.h"
   3          #include "Key.h"
   4          unsigned char Key_KeyNumber,KeyTime=0,KeyCount,keyi=0;
   5          unsigned int times=0; 
   6          unsigned char Key(void)
   7          {
   8   1        unsigned char Temp;
   9   1        Temp=Key_KeyNumber;
  10   1        Key_KeyNumber=0;
  11   1        return Temp;
  12   1      }
  13          
  14          unsigned char MatrixKey()
  15          {
  16   1        unsigned char KeyNumber=0;
  17   1        
  18   1        P1=0xFF;
  19   1        P13=0;
  20   1        if(P17==0){KeyNumber=1;}
  21   1        if(P16==0){KeyNumber=5;}
  22   1        if(P15==0){KeyNumber=9;}
  23   1        if(P14==0){KeyNumber=13;}
  24   1        
  25   1        P1=0xFF;
  26   1        P12=0;
  27   1        if(P17==0){KeyNumber=2;}
  28   1        if(P16==0){KeyNumber=6;}
  29   1        if(P15==0){KeyNumber=10;}
  30   1        if(P14==0){KeyNumber=14;}
  31   1        
  32   1        P1=0xFF;
  33   1        P11=0;
  34   1        if(P17==0){KeyNumber=3;}
  35   1        if(P16==0){KeyNumber=7;}
  36   1        if(P15==0){KeyNumber=11;}
  37   1        if(P14==0){KeyNumber=15;}
  38   1        
  39   1        P1=0xFF;
  40   1        P10=0;
  41   1        if(P17==0){KeyNumber=4;}
  42   1        if(P16==0){KeyNumber=8;}
  43   1        if(P15==0){KeyNumber=12;}
  44   1        if(P14==0){KeyNumber=16;}
  45   1        
  46   1        return KeyNumber;
  47   1      }
  48          
  49          void Key_Loop()
  50          {
  51   1       static unsigned char NowState,LastState;
  52   1      LastState=NowState;
  53   1      NowState=MatrixKey();
  54   1      if(LastState)
C51 COMPILER V9.54   KEY                                                                   07/12/2024 18:59:42 PAGE 2   

  55   1      {
  56   2        {
  57   3          keyi++;
  58   3          times++;
  59   3          if(NowState==0)
  60   3          {
  61   4            KeyCount=keyi;
  62   4            keyi=0;
  63   4            if(LastState==1 && KeyCount<=50){Key_KeyNumber=1;KeyCount=0;}
  64   4            else if(LastState==2 && KeyCount<=50){Key_KeyNumber=2;KeyCount=0;}
  65   4            else if(LastState==3 && KeyCount<=50){Key_KeyNumber=3;KeyCount=0;}
  66   4            else if(LastState==4 && KeyCount<=50){Key_KeyNumber=4;KeyCount=0;}
  67   4            else if(LastState==5 && KeyCount<=50){Key_KeyNumber=5;KeyCount=0;}
  68   4            else if(LastState==6 && KeyCount<=50){Key_KeyNumber=6;KeyCount=0;}
  69   4            else if(LastState==7 && KeyCount<=50){Key_KeyNumber=7;KeyCount=0;}
  70   4          }
  71   3          if(NowState)
  72   3          {
  73   4            if(times>=50)
  74   4            {
  75   5                KeyTime++; 
  76   5              if(KeyTime>=10)
  77   5              {
  78   6                  if(LastState==1 && NowState==1){Key_KeyNumber=17;KeyTime=0;}
  79   6                else if(LastState==2 && NowState==2){Key_KeyNumber=18;KeyTime=0;}
  80   6                else if(LastState==3 && NowState==3){Key_KeyNumber=19;KeyTime=0;}
  81   6                else if(LastState==4 && NowState==4){Key_KeyNumber=20;KeyTime=0;}
  82   6                else if(LastState==5 && NowState==5){Key_KeyNumber=21;KeyTime=0;}
  83   6                else if(LastState==6 && NowState==6){Key_KeyNumber=22;KeyTime=0;}
  84   6                else if(LastState==7 && NowState==7){Key_KeyNumber=23;KeyTime=0;}
  85   6              }
  86   5            }
  87   4          }
  88   3          else 
  89   3          {
  90   4            times=0;
  91   4          }
  92   3        }
  93   2      }
  94   1      } 
  95          
  96          


MODULE INFORMATION:   STATIC OVERLAYABLE
   CODE SIZE        =    524    ----
   CONSTANT SIZE    =   ----    ----
   XDATA SIZE       =      8    ----
   PDATA SIZE       =   ----    ----
   DATA SIZE        =   ----    ----
   IDATA SIZE       =   ----    ----
   BIT SIZE         =   ----    ----
END OF MODULE INFORMATION.


C51 COMPILATION COMPLETE.  0 WARNING(S),  0 ERROR(S)
