C51 COMPILER V9.54   OLED                                                                  07/12/2024 16:23:59 PAGE 1   


C51 COMPILER V9.54, COMPILATION OF MODULE OLED
OBJECT MODULE PLACED IN .\Objects\OLED.obj
COMPILER INVOKED BY: D:\keil\C51\BIN\C51.EXE OLED.c LARGE OPTIMIZE(8,SPEED) BROWSE DEBUG OBJECTEXTEND PRINT(.\Listings\O
                    -LED.lst) TABS(2) OBJECT(.\Objects\OLED.obj)

line level    source

   1          #include "Delay.h"
   2          #include "OLED.h"
   3          code unsigned char OLED_F8x16[][16] = {
   4          
   5          
   6            
   7            0x00,0x00,0x00,0x00,0x00,0x00,0x00,0x00,
   8            0x00,0x00,0x00,0x00,0x00,0x00,0x00,0x00,//   0
   9            0x00,0x00,0x00,0xF8,0x00,0x00,0x00,0x00,
  10            0x00,0x00,0x00,0x33,0x30,0x00,0x00,0x00,// ! 1
  11            0x00,0x16,0x0E,0x00,0x16,0x0E,0x00,0x00,
  12            0x00,0x00,0x00,0x00,0x00,0x00,0x00,0x00,// " 2
  13            0x40,0xC0,0x78,0x40,0xC0,0x78,0x40,0x00,
  14            0x04,0x3F,0x04,0x04,0x3F,0x04,0x04,0x00,// # 3
  15            0x00,0x70,0x88,0xFC,0x08,0x30,0x00,0x00,
  16            0x00,0x18,0x20,0xFF,0x21,0x1E,0x00,0x00,// $ 4
  17            0xF0,0x08,0xF0,0x00,0xE0,0x18,0x00,0x00,
  18            0x00,0x21,0x1C,0x03,0x1E,0x21,0x1E,0x00,// % 5
  19            0x00,0xF0,0x08,0x88,0x70,0x00,0x00,0x00,
  20            0x1E,0x21,0x23,0x24,0x19,0x27,0x21,0x10,// & 6
  21            0x00,0x00,0x00,0x16,0x0E,0x00,0x00,0x00,
  22            0x00,0x00,0x00,0x00,0x00,0x00,0x00,0x00,// ' 7
  23            0x00,0x00,0x00,0xE0,0x18,0x04,0x02,0x00,
  24            0x00,0x00,0x00,0x07,0x18,0x20,0x40,0x00,// ( 8
  25            0x00,0x02,0x04,0x18,0xE0,0x00,0x00,0x00,
  26            0x00,0x40,0x20,0x18,0x07,0x00,0x00,0x00,// ) 9
  27            0x40,0x40,0x80,0xF0,0x80,0x40,0x40,0x00,
  28            0x02,0x02,0x01,0x0F,0x01,0x02,0x02,0x00,// * 10
  29            0x00,0x00,0x00,0xF0,0x00,0x00,0x00,0x00,
  30            0x01,0x01,0x01,0x1F,0x01,0x01,0x01,0x00,// + 11
  31            0x00,0x00,0x00,0x00,0x00,0x00,0x00,0x00,
  32            0x00,0xB0,0x70,0x00,0x00,0x00,0x00,0x00,// , 12
  33            0x00,0x00,0x00,0x00,0x00,0x00,0x00,0x00,
  34            0x00,0x01,0x01,0x01,0x01,0x01,0x01,0x01,// - 13
  35            0x00,0x00,0x00,0x00,0x00,0x00,0x00,0x00,
  36            0x00,0x30,0x30,0x00,0x00,0x00,0x00,0x00,// . 14
  37            0x00,0x00,0x00,0x00,0x80,0x60,0x18,0x04,
  38            0x00,0x60,0x18,0x06,0x01,0x00,0x00,0x00,// / 15
  39            0x00,0xE0,0x10,0x08,0x08,0x10,0xE0,0x00,
  40            0x00,0x0F,0x10,0x20,0x20,0x10,0x0F,0x00,// 0 16
  41            0x00,0x10,0x10,0xF8,0x00,0x00,0x00,0x00,
  42            0x00,0x20,0x20,0x3F,0x20,0x20,0x00,0x00,// 1 17
  43            0x00,0x70,0x08,0x08,0x08,0x88,0x70,0x00,
  44            0x00,0x30,0x28,0x24,0x22,0x21,0x30,0x00,// 2 18
  45            0x00,0x30,0x08,0x88,0x88,0x48,0x30,0x00,
  46            0x00,0x18,0x20,0x20,0x20,0x11,0x0E,0x00,// 3 19
  47            0x00,0x00,0xC0,0x20,0x10,0xF8,0x00,0x00,
  48            0x00,0x07,0x04,0x24,0x24,0x3F,0x24,0x00,// 4 20
  49            0x00,0xF8,0x08,0x88,0x88,0x08,0x08,0x00,
  50            0x00,0x19,0x21,0x20,0x20,0x11,0x0E,0x00,// 5 21
  51            0x00,0xE0,0x10,0x88,0x88,0x18,0x00,0x00,
  52            0x00,0x0F,0x11,0x20,0x20,0x11,0x0E,0x00,// 6 22
  53            0x00,0x38,0x08,0x08,0xC8,0x38,0x08,0x00,
  54            0x00,0x00,0x00,0x3F,0x00,0x00,0x00,0x00,// 7 23
C51 COMPILER V9.54   OLED                                                                  07/12/2024 16:23:59 PAGE 2   

  55            0x00,0x70,0x88,0x08,0x08,0x88,0x70,0x00,
  56            0x00,0x1C,0x22,0x21,0x21,0x22,0x1C,0x00,// 8 24
  57            0x00,0xE0,0x10,0x08,0x08,0x10,0xE0,0x00,
  58            0x00,0x00,0x31,0x22,0x22,0x11,0x0F,0x00,// 9 25
  59            0x00,0x00,0x00,0xC0,0xC0,0x00,0x00,0x00,
  60            0x00,0x00,0x00,0x30,0x30,0x00,0x00,0x00,// : 26
  61            0x00,0x00,0x00,0xC0,0xC0,0x00,0x00,0x00,
  62            0x00,0x00,0x80,0xB0,0x70,0x00,0x00,0x00,// ; 27
  63            0x00,0x00,0x80,0x40,0x20,0x10,0x08,0x00,
  64            0x00,0x01,0x02,0x04,0x08,0x10,0x20,0x00,// < 28
  65            0x40,0x40,0x40,0x40,0x40,0x40,0x40,0x00,
  66            0x04,0x04,0x04,0x04,0x04,0x04,0x04,0x00,// = 29
  67            0x00,0x08,0x10,0x20,0x40,0x80,0x00,0x00,
  68            0x00,0x20,0x10,0x08,0x04,0x02,0x01,0x00,// > 30
  69            0x00,0x70,0x48,0x08,0x08,0x08,0xF0,0x00,
  70            0x00,0x00,0x00,0x30,0x36,0x01,0x00,0x00,// ? 31
  71            0xC0,0x30,0xC8,0x28,0xE8,0x10,0xE0,0x00,
  72            0x07,0x18,0x27,0x24,0x23,0x14,0x0B,0x00,// @ 32
  73            0x00,0x00,0xC0,0x38,0xE0,0x00,0x00,0x00,
  74            0x20,0x3C,0x23,0x02,0x02,0x27,0x38,0x20,// A 33
  75            0x08,0xF8,0x88,0x88,0x88,0x70,0x00,0x00,
  76            0x20,0x3F,0x20,0x20,0x20,0x11,0x0E,0x00,// B 34
  77            0xC0,0x30,0x08,0x08,0x08,0x08,0x38,0x00,
  78            0x07,0x18,0x20,0x20,0x20,0x10,0x08,0x00,// C 35
  79            0x08,0xF8,0x08,0x08,0x08,0x10,0xE0,0x00,
  80            0x20,0x3F,0x20,0x20,0x20,0x10,0x0F,0x00,// D 36
  81            0x08,0xF8,0x88,0x88,0xE8,0x08,0x10,0x00,
  82            0x20,0x3F,0x20,0x20,0x23,0x20,0x18,0x00,// E 37
  83            0x08,0xF8,0x88,0x88,0xE8,0x08,0x10,0x00,
  84            0x20,0x3F,0x20,0x00,0x03,0x00,0x00,0x00,// F 38
  85            0xC0,0x30,0x08,0x08,0x08,0x38,0x00,0x00,
  86            0x07,0x18,0x20,0x20,0x22,0x1E,0x02,0x00,// G 39
  87            0x08,0xF8,0x08,0x00,0x00,0x08,0xF8,0x08,
  88            0x20,0x3F,0x21,0x01,0x01,0x21,0x3F,0x20,// H 40
  89            0x00,0x08,0x08,0xF8,0x08,0x08,0x00,0x00,
  90            0x00,0x20,0x20,0x3F,0x20,0x20,0x00,0x00,// I 41
  91            0x00,0x00,0x08,0x08,0xF8,0x08,0x08,0x00,
  92            0xC0,0x80,0x80,0x80,0x7F,0x00,0x00,0x00,// J 42
  93            0x08,0xF8,0x88,0xC0,0x28,0x18,0x08,0x00,
  94            0x20,0x3F,0x20,0x01,0x26,0x38,0x20,0x00,// K 43
  95            0x08,0xF8,0x08,0x00,0x00,0x00,0x00,0x00,
  96            0x20,0x3F,0x20,0x20,0x20,0x20,0x30,0x00,// L 44
  97            0x08,0xF8,0xF8,0x00,0xF8,0xF8,0x08,0x00,
  98            0x20,0x3F,0x00,0x3F,0x00,0x3F,0x20,0x00,// M 45
  99            0x08,0xF8,0x30,0xC0,0x00,0x08,0xF8,0x08,
 100            0x20,0x3F,0x20,0x00,0x07,0x18,0x3F,0x00,// N 46
 101            0xE0,0x10,0x08,0x08,0x08,0x10,0xE0,0x00,
 102            0x0F,0x10,0x20,0x20,0x20,0x10,0x0F,0x00,// O 47
 103            0x08,0xF8,0x08,0x08,0x08,0x08,0xF0,0x00,
 104            0x20,0x3F,0x21,0x01,0x01,0x01,0x00,0x00,// P 48
 105            0xE0,0x10,0x08,0x08,0x08,0x10,0xE0,0x00,
 106            0x0F,0x18,0x24,0x24,0x38,0x50,0x4F,0x00,// Q 49
 107            0x08,0xF8,0x88,0x88,0x88,0x88,0x70,0x00,
 108            0x20,0x3F,0x20,0x00,0x03,0x0C,0x30,0x20,// R 50
 109            0x00,0x70,0x88,0x08,0x08,0x08,0x38,0x00,
 110            0x00,0x38,0x20,0x21,0x21,0x22,0x1C,0x00,// S 51
 111            0x18,0x08,0x08,0xF8,0x08,0x08,0x18,0x00,
 112            0x00,0x00,0x20,0x3F,0x20,0x00,0x00,0x00,// T 52
 113            0x08,0xF8,0x08,0x00,0x00,0x08,0xF8,0x08,
 114            0x00,0x1F,0x20,0x20,0x20,0x20,0x1F,0x00,// U 53
 115            0x08,0x78,0x88,0x00,0x00,0xC8,0x38,0x08,
 116            0x00,0x00,0x07,0x38,0x0E,0x01,0x00,0x00,// V 54
C51 COMPILER V9.54   OLED                                                                  07/12/2024 16:23:59 PAGE 3   

 117            0xF8,0x08,0x00,0xF8,0x00,0x08,0xF8,0x00,
 118            0x03,0x3C,0x07,0x00,0x07,0x3C,0x03,0x00,// W 55
 119            0x08,0x18,0x68,0x80,0x80,0x68,0x18,0x08,
 120            0x20,0x30,0x2C,0x03,0x03,0x2C,0x30,0x20,// X 56
 121            0x08,0x38,0xC8,0x00,0xC8,0x38,0x08,0x00,
 122            0x00,0x00,0x20,0x3F,0x20,0x00,0x00,0x00,// Y 57
 123            0x10,0x08,0x08,0x08,0xC8,0x38,0x08,0x00,
 124            0x20,0x38,0x26,0x21,0x20,0x20,0x18,0x00,// Z 58
 125            0x00,0x00,0x00,0xFE,0x02,0x02,0x02,0x00,
 126            0x00,0x00,0x00,0x7F,0x40,0x40,0x40,0x00,// [ 59
 127            0x00,0x0C,0x30,0xC0,0x00,0x00,0x00,0x00,
 128            0x00,0x00,0x00,0x01,0x06,0x38,0xC0,0x00,// \ 60
 129            0x00,0x02,0x02,0x02,0xFE,0x00,0x00,0x00,
 130            0x00,0x40,0x40,0x40,0x7F,0x00,0x00,0x00,// ] 61
 131            0x00,0x20,0x10,0x08,0x04,0x08,0x10,0x20,
 132            0x00,0x00,0x00,0x00,0x00,0x00,0x00,0x00,// ^ 62
 133            0x00,0x00,0x00,0x00,0x00,0x00,0x00,0x00,
 134            0x80,0x80,0x80,0x80,0x80,0x80,0x80,0x80,// _ 63
 135            0x00,0x02,0x04,0x08,0x00,0x00,0x00,0x00,
 136            0x00,0x00,0x00,0x00,0x00,0x00,0x00,0x00,// ` 64
 137            0x00,0x00,0x80,0x80,0x80,0x80,0x00,0x00,
 138            0x00,0x19,0x24,0x22,0x22,0x22,0x3F,0x20,// a 65
 139            0x08,0xF8,0x00,0x80,0x80,0x00,0x00,0x00,
 140            0x00,0x3F,0x11,0x20,0x20,0x11,0x0E,0x00,// b 66
 141            0x00,0x00,0x00,0x80,0x80,0x80,0x00,0x00,
 142            0x00,0x0E,0x11,0x20,0x20,0x20,0x11,0x00,// c 67
 143            0x00,0x00,0x00,0x80,0x80,0x88,0xF8,0x00,
 144            0x00,0x0E,0x11,0x20,0x20,0x10,0x3F,0x20,// d 68
 145            0x00,0x00,0x80,0x80,0x80,0x80,0x00,0x00,
 146            0x00,0x1F,0x22,0x22,0x22,0x22,0x13,0x00,// e 69
 147            0x00,0x80,0x80,0xF0,0x88,0x88,0x88,0x18,
 148            0x00,0x20,0x20,0x3F,0x20,0x20,0x00,0x00,// f 70
 149            0x00,0x00,0x80,0x80,0x80,0x80,0x80,0x00,
 150            0x00,0x6B,0x94,0x94,0x94,0x93,0x60,0x00,// g 71
 151            0x08,0xF8,0x00,0x80,0x80,0x80,0x00,0x00,
 152            0x20,0x3F,0x21,0x00,0x00,0x20,0x3F,0x20,// h 72
 153            0x00,0x80,0x98,0x98,0x00,0x00,0x00,0x00,
 154            0x00,0x20,0x20,0x3F,0x20,0x20,0x00,0x00,// i 73
 155            0x00,0x00,0x00,0x80,0x98,0x98,0x00,0x00,
 156            0x00,0xC0,0x80,0x80,0x80,0x7F,0x00,0x00,// j 74
 157            0x08,0xF8,0x00,0x00,0x80,0x80,0x80,0x00,
 158            0x20,0x3F,0x24,0x02,0x2D,0x30,0x20,0x00,// k 75
 159            0x00,0x08,0x08,0xF8,0x00,0x00,0x00,0x00,
 160            0x00,0x20,0x20,0x3F,0x20,0x20,0x00,0x00,// l 76
 161            0x80,0x80,0x80,0x80,0x80,0x80,0x80,0x00,
 162            0x20,0x3F,0x20,0x00,0x3F,0x20,0x00,0x3F,// m 77
 163            0x00,0x80,0x80,0x00,0x80,0x80,0x00,0x00,
 164            0x00,0x20,0x3F,0x21,0x00,0x20,0x3F,0x20,// n 78
 165            0x00,0x00,0x80,0x80,0x80,0x80,0x00,0x00,
 166            0x00,0x1F,0x20,0x20,0x20,0x20,0x1F,0x00,// o 79
 167            0x80,0x80,0x00,0x80,0x80,0x00,0x00,0x00,
 168            0x80,0xFF,0xA1,0x20,0x20,0x11,0x0E,0x00,// p 80
 169            0x00,0x00,0x00,0x80,0x80,0x80,0x80,0x00,
 170            0x00,0x0E,0x11,0x20,0x20,0xA0,0xFF,0x80,// q 81
 171            0x80,0x80,0x80,0x00,0x80,0x80,0x80,0x00,
 172            0x20,0x20,0x3F,0x21,0x20,0x00,0x01,0x00,// r 82
 173            0x00,0x00,0x80,0x80,0x80,0x80,0x80,0x00,
 174            0x00,0x33,0x24,0x24,0x24,0x24,0x19,0x00,// s 83
 175            0x00,0x80,0x80,0xE0,0x80,0x80,0x00,0x00,
 176            0x00,0x00,0x00,0x1F,0x20,0x20,0x00,0x00,// t 84
 177            0x80,0x80,0x00,0x00,0x00,0x80,0x80,0x00,
 178            0x00,0x1F,0x20,0x20,0x20,0x10,0x3F,0x20,// u 85
C51 COMPILER V9.54   OLED                                                                  07/12/2024 16:23:59 PAGE 4   

 179            0x80,0x80,0x80,0x00,0x00,0x80,0x80,0x80,
 180            0x00,0x01,0x0E,0x30,0x08,0x06,0x01,0x00,// v 86
 181            0x80,0x80,0x00,0x80,0x00,0x80,0x80,0x80,
 182            0x0F,0x30,0x0C,0x03,0x0C,0x30,0x0F,0x00,// w 87
 183            0x00,0x80,0x80,0x00,0x80,0x80,0x80,0x00,
 184            0x00,0x20,0x31,0x2E,0x0E,0x31,0x20,0x00,// x 88
 185            0x80,0x80,0x80,0x00,0x00,0x80,0x80,0x80,
 186            0x80,0x81,0x8E,0x70,0x18,0x06,0x01,0x00,// y 89
 187            0x00,0x80,0x80,0x80,0x80,0x80,0x80,0x00,
 188            0x00,0x21,0x30,0x2C,0x22,0x21,0x30,0x00,// z 90
 189            0x00,0x00,0x00,0x00,0x80,0x7C,0x02,0x02,
 190            0x00,0x00,0x00,0x00,0x00,0x3F,0x40,0x40,// { 91
 191            0x00,0x00,0x00,0x00,0xFF,0x00,0x00,0x00,
 192            0x00,0x00,0x00,0x00,0xFF,0x00,0x00,0x00,// | 92
 193            0x00,0x02,0x02,0x7C,0x80,0x00,0x00,0x00,
 194            0x00,0x40,0x40,0x3F,0x00,0x00,0x00,0x00,// } 93
 195            0x00,0x80,0x40,0x40,0x80,0x00,0x00,0x80,
 196            0x00,0x00,0x00,0x00,0x00,0x01,0x01,0x00,// ~ 94
 197          };
 198            code unsigned char OLED_F6x8[][6] = 
 199          {
 200            0x00,0x00,0x00,0x00,0x00,0x00,//   0
 201            0x00,0x00,0x00,0x2F,0x00,0x00,// ! 1
 202            0x00,0x00,0x07,0x00,0x07,0x00,// " 2
 203            0x00,0x14,0x7F,0x14,0x7F,0x14,// # 3
 204            0x00,0x24,0x2A,0x7F,0x2A,0x12,// $ 4
 205            0x00,0x23,0x13,0x08,0x64,0x62,// % 5
 206            0x00,0x36,0x49,0x55,0x22,0x50,// & 6
 207            0x00,0x00,0x00,0x07,0x00,0x00,// ' 7
 208            0x00,0x00,0x1C,0x22,0x41,0x00,// ( 8
 209            0x00,0x00,0x41,0x22,0x1C,0x00,// ) 9
 210            0x00,0x14,0x08,0x3E,0x08,0x14,// * 10
 211            0x00,0x08,0x08,0x3E,0x08,0x08,// + 11
 212            0x00,0x00,0x00,0xA0,0x60,0x00,// , 12
 213            0x00,0x08,0x08,0x08,0x08,0x08,// - 13
 214            0x00,0x00,0x60,0x60,0x00,0x00,// . 14
 215            0x00,0x20,0x10,0x08,0x04,0x02,// / 15
 216            0x00,0x3E,0x51,0x49,0x45,0x3E,// 0 16
 217            0x00,0x00,0x42,0x7F,0x40,0x00,// 1 17
 218            0x00,0x42,0x61,0x51,0x49,0x46,// 2 18
 219            0x00,0x21,0x41,0x45,0x4B,0x31,// 3 19
 220            0x00,0x18,0x14,0x12,0x7F,0x10,// 4 20
 221            0x00,0x27,0x45,0x45,0x45,0x39,// 5 21
 222            0x00,0x3C,0x4A,0x49,0x49,0x30,// 6 22
 223            0x00,0x01,0x71,0x09,0x05,0x03,// 7 23
 224            0x00,0x36,0x49,0x49,0x49,0x36,// 8 24
 225            0x00,0x06,0x49,0x49,0x29,0x1E,// 9 25
 226            0x00,0x00,0x36,0x36,0x00,0x00,// : 26
 227            0x00,0x00,0x56,0x36,0x00,0x00,// ; 27
 228            0x00,0x08,0x14,0x22,0x41,0x00,// < 28
 229            0x00,0x14,0x14,0x14,0x14,0x14,// = 29
 230            0x00,0x00,0x41,0x22,0x14,0x08,// > 30
 231            0x00,0x02,0x01,0x51,0x09,0x06,// ? 31
 232            0x00,0x3E,0x49,0x55,0x59,0x2E,// @ 32
 233            0x00,0x7C,0x12,0x11,0x12,0x7C,// A 33
 234            0x00,0x7F,0x49,0x49,0x49,0x36,// B 34
 235            0x00,0x3E,0x41,0x41,0x41,0x22,// C 35
 236            0x00,0x7F,0x41,0x41,0x22,0x1C,// D 36
 237            0x00,0x7F,0x49,0x49,0x49,0x41,// E 37
 238            0x00,0x7F,0x09,0x09,0x09,0x01,// F 38
 239            0x00,0x3E,0x41,0x49,0x49,0x7A,// G 39
 240            0x00,0x7F,0x08,0x08,0x08,0x7F,// H 40
C51 COMPILER V9.54   OLED                                                                  07/12/2024 16:23:59 PAGE 5   

 241            0x00,0x00,0x41,0x7F,0x41,0x00,// I 41
 242            0x00,0x20,0x40,0x41,0x3F,0x01,// J 42
 243            0x00,0x7F,0x08,0x14,0x22,0x41,// K 43
 244            0x00,0x7F,0x40,0x40,0x40,0x40,// L 44
 245            0x00,0x7F,0x02,0x0C,0x02,0x7F,// M 45
 246            0x00,0x7F,0x04,0x08,0x10,0x7F,// N 46
 247            0x00,0x3E,0x41,0x41,0x41,0x3E,// O 47
 248            0x00,0x7F,0x09,0x09,0x09,0x06,// P 48
 249            0x00,0x3E,0x41,0x51,0x21,0x5E,// Q 49
 250            0x00,0x7F,0x09,0x19,0x29,0x46,// R 50
 251            0x00,0x46,0x49,0x49,0x49,0x31,// S 51
 252            0x00,0x01,0x01,0x7F,0x01,0x01,// T 52
 253            0x00,0x3F,0x40,0x40,0x40,0x3F,// U 53
 254            0x00,0x1F,0x20,0x40,0x20,0x1F,// V 54
 255            0x00,0x3F,0x40,0x38,0x40,0x3F,// W 55
 256            0x00,0x63,0x14,0x08,0x14,0x63,// X 56
 257            0x00,0x07,0x08,0x70,0x08,0x07,// Y 57
 258            0x00,0x61,0x51,0x49,0x45,0x43,// Z 58
 259            0x00,0x00,0x7F,0x41,0x41,0x00,// [ 59
 260            0x00,0x02,0x04,0x08,0x10,0x20,// \ 60
 261            0x00,0x00,0x41,0x41,0x7F,0x00,// ] 61
 262            0x00,0x04,0x02,0x01,0x02,0x04,// ^ 62
 263            0x00,0x40,0x40,0x40,0x40,0x40,// _ 63
 264            0x00,0x00,0x01,0x02,0x04,0x00,// ` 64
 265            0x00,0x20,0x54,0x54,0x54,0x78,// a 65
 266            0x00,0x7F,0x48,0x44,0x44,0x38,// b 66
 267            0x00,0x38,0x44,0x44,0x44,0x20,// c 67
 268            0x00,0x38,0x44,0x44,0x48,0x7F,// d 68
 269            0x00,0x38,0x54,0x54,0x54,0x18,// e 69
 270            0x00,0x08,0x7E,0x09,0x01,0x02,// f 70
 271            0x00,0x18,0xA4,0xA4,0xA4,0x7C,// g 71
 272            0x00,0x7F,0x08,0x04,0x04,0x78,// h 72
 273            0x00,0x00,0x44,0x7D,0x40,0x00,// i 73
 274            0x00,0x40,0x80,0x84,0x7D,0x00,// j 74
 275            0x00,0x7F,0x10,0x28,0x44,0x00,// k 75
 276            0x00,0x00,0x41,0x7F,0x40,0x00,// l 76
 277            0x00,0x7C,0x04,0x18,0x04,0x78,// m 77
 278            0x00,0x7C,0x08,0x04,0x04,0x78,// n 78
 279            0x00,0x38,0x44,0x44,0x44,0x38,// o 79
 280            0x00,0xFC,0x24,0x24,0x24,0x18,// p 80
 281            0x00,0x18,0x24,0x24,0x18,0xFC,// q 81
 282            0x00,0x7C,0x08,0x04,0x04,0x08,// r 82
 283            0x00,0x48,0x54,0x54,0x54,0x20,// s 83
 284            0x00,0x04,0x3F,0x44,0x40,0x20,// t 84
 285            0x00,0x3C,0x40,0x40,0x20,0x7C,// u 85
 286            0x00,0x1C,0x20,0x40,0x20,0x1C,// v 86
 287            0x00,0x3C,0x40,0x30,0x40,0x3C,// w 87
 288            0x00,0x44,0x28,0x10,0x28,0x44,// x 88
 289            0x00,0x1C,0xA0,0xA0,0xA0,0x7C,// y 89
 290            0x00,0x44,0x64,0x54,0x4C,0x44,// z 90
 291            0x00,0x00,0x08,0x7F,0x41,0x00,// { 91
 292            0x00,0x00,0x00,0x7F,0x00,0x00,// | 92
 293            0x00,0x00,0x41,0x7F,0x08,0x00,// } 93
 294            0x00,0x08,0x04,0x08,0x10,0x08,// ~ 94
 295          };
 296          void OLED_WriteCommand(unsigned char Command)
 297          {
 298   1        unsigned char len;
 299   1        OLED_DC = 0;
 300   1        OLED_CS = 0;
 301   1        for(len=0;len<8;len++)
 302   1        {
C51 COMPILER V9.54   OLED                                                                  07/12/2024 16:23:59 PAGE 6   

 303   2          OLED_SCL = 0;
 304   2          if(Command&0x80)
 305   2          {OLED_SDIN = 1; } 
 306   2          else
 307   2          {OLED_SDIN = 0;}
 308   2          OLED_SCL = 1;
 309   2          Command <<= 1;
 310   2        }
 311   1        OLED_CS = 1;
 312   1        OLED_DC = 1;
 313   1      }
 314          void OLED_WriteData(unsigned char Data)
 315          {
 316   1        unsigned char len;
 317   1          OLED_DC = 1;
 318   1        OLED_CS = 0;
 319   1        for(len=0;len<8;len++)
 320   1        {
 321   2          OLED_SCL = 0;
 322   2          if(Data&0x80)
 323   2          {OLED_SDIN = 1;}
 324   2          else
 325   2          {OLED_SDIN = 0;}
 326   2          OLED_SCL = 1;
 327   2          Data <<= 1;
 328   2        }
 329   1        OLED_CS = 1;
 330   1        OLED_DC = 1;
 331   1      }
 332          
 333          void OLED_Init()
 334          {
 335   1        OLED_RST = 0;
 336   1        Delay(200);
 337   1        OLED_RST = 1; 
 338   1        OLED_WriteCommand(0xAE);
 339   1        OLED_WriteCommand(0xD5);
 340   1        OLED_WriteCommand(0x80);
 341   1        OLED_WriteCommand(0xA8);
 342   1        OLED_WriteCommand(0x3F);
 343   1        OLED_WriteCommand(0xD3);
 344   1        OLED_WriteCommand(0x00);
 345   1        OLED_WriteCommand(0x40);
 346   1        OLED_WriteCommand(0xA1);
 347   1        OLED_WriteCommand(0xC8);
 348   1        OLED_WriteCommand(0xDA);
 349   1        OLED_WriteCommand(0x12);
 350   1        OLED_WriteCommand(0x81);
 351   1        OLED_WriteCommand(0xCF);
 352   1        OLED_WriteCommand(0xD9);
 353   1        OLED_WriteCommand(0xF1);
 354   1        OLED_WriteCommand(0xDB);
 355   1        OLED_WriteCommand(0x30);
 356   1        OLED_WriteCommand(0xA4);
 357   1        OLED_WriteCommand(0xA6);
 358   1        OLED_WriteCommand(0x8D);
 359   1        OLED_WriteCommand(0x14);
 360   1        OLED_WriteCommand(0xAF);
 361   1        Delay(100);
 362   1      }
 363          void OLED_SetCursor(unsigned char X,unsigned char Page)
 364          {
C51 COMPILER V9.54   OLED                                                                  07/12/2024 16:23:59 PAGE 7   

 365   1        OLED_WriteCommand(0x00|(X&0x0F));
 366   1        OLED_WriteCommand(0x10|(X&0xF0)>>4);
 367   1        OLED_WriteCommand(0xB0|Page);
 368   1      }
 369            void OLED_Clear(){
 370   1        unsigned char i,j;
 371   1        for(i=0;i<8;i++){
 372   2        OLED_SetCursor(0,i);
 373   2        for(j=0;j<128;j++){
 374   3        OLED_WriteData(0x00);}
 375   2        }
 376   1      }
 377            void OLED_Clear_Row(int Row)
 378            {
 379   1          unsigned char i;
 380   1          OLED_SetCursor(0,Row);
 381   1          for(i=0;i<128;i++)
 382   1          {
 383   2          OLED_WriteData(0x00);
 384   2          }
 385   1        }
 386              void OLED_Axis_X()
 387            {
 388   1        unsigned char i;
 389   1          OLED_SetCursor(1,4);
 390   1          for(i=1;i<128;i++)
 391   1          {
 392   2          OLED_WriteData(0x80);
 393   2          }
 394   1        }
 395            void OLED_Axis_Y()
 396            {
 397   1        unsigned char i;
 398   1          for(i=2;i<8;i++)
 399   1          {
 400   2          OLED_SetCursor(0,i);
 401   2          OLED_WriteData(0xFF);
 402   2          }
 403   1        }
 404            void OLED_ShowChar(unsigned char X,unsigned char Page,unsigned char Char,unsigned char FrontSize)
 405          {
 406   1        unsigned char i;
 407   1        if(FrontSize==6){
 408   2        OLED_SetCursor(X,Page);
 409   2        for(i=0;i<6;i++){
 410   3        OLED_WriteData( OLED_F6x8[Char-' '][i]);}
 411   2      }
 412   1        if(FrontSize==8){   
 413   2        OLED_SetCursor(X,Page);
 414   2        for(i=0;i<8;i++){
 415   3        OLED_WriteData( OLED_F8x16[Char-' '][i]);
 416   3        }
 417   2        OLED_SetCursor(X,Page+1);
 418   2        for(i=0;i<8;i++){
 419   3        OLED_WriteData( OLED_F8x16[Char-' '][i+8]);
 420   3        }
 421   2      }
 422   1      }
 423          void OLED_ShowString(unsigned char X,unsigned char Page,unsigned char *String,unsigned char FrontSize)
 424          {
 425   1        unsigned char m;
 426   1        for(m=0;String[m]!='\0';m++)
C51 COMPILER V9.54   OLED                                                                  07/12/2024 16:23:59 PAGE 8   

 427   1        {
 428   2        OLED_ShowChar( X+m*FrontSize,Page,String[m],FrontSize);
 429   2        }
 430   1      }
 431           int OLED_Pow(int X, int Y)
 432          {
 433   1        int Result = 1;
 434   1        while (Y--)
 435   1        {
 436   2          Result *= X;
 437   2        }
 438   1        return Result;
 439   1      }
 440          
 441          void OLED_ShowNum(unsigned char X,unsigned char Page,int Num,unsigned int Length,unsigned char FrontSize)
 442          {
 443   1        int i;
 444   1        for (i=0;i<Length;i++)              
 445   1        {if(Num>=0){
 446   3          OLED_ShowChar(X+FrontSize*i, Page, Num/OLED_Pow(10,Length-i-1)%10+'0',FrontSize);
 447   3        }
 448   2        else{
 449   3        OLED_ShowChar(X-FrontSize, Page,'-',FrontSize);
 450   3        OLED_ShowChar(X+FrontSize*i, Page, -Num/OLED_Pow(10,Length-i-1)%10+'0',FrontSize);
 451   3        }
 452   2      }
 453   1      }
 454          void Show(int j)
 455          { int k,l;
 456   1        for(k=0;k<j+1;k++){
 457   2            OLED_ShowString(116,k,"  ",6);
 458   2        }
 459   1        for(l=j+2;l<9;l++){
 460   2        OLED_ShowString(116,l,"  ",6);
 461   2      }
 462   1        OLED_ShowString(116,j+1,"<<",6);
 463   1        }
 464          void ClearGraph()
 465          {
 466   1        unsigned char i,j;
 467   1        for(i=2;i<7;i++){
 468   2        OLED_SetCursor(1,i);
 469   2        for(j=2;j<129;j++){
 470   3        OLED_WriteData(0x00);}
 471   2        }
 472   1        OLED_SetCursor(1,7);
 473   1        for(j=2;j<129;j++){
 474   2        OLED_WriteData(0x80);}
 475   1      }
 476          void oled_Draw_szLine2(unsigned char x,unsigned char start,unsigned char end)
 477          {
 478   1        unsigned char i,index=0,number,ed=63-start,st=63-end;
 479   1        for(i=0;i<8;i++)
 480   1        {
 481   2          number=255;
 482   2          if(st>=index&&st<index+8)
 483   2          {
 484   3            number>>=(st-index);
 485   3            number<<=(st-index);
 486   3          }
 487   2          if(ed>=index&&ed<index+8)
 488   2          {
C51 COMPILER V9.54   OLED                                                                  07/12/2024 16:23:59 PAGE 9   

 489   3            number<<=(index+7-ed);
 490   3            number>>=(index+7-ed);
 491   3          }
 492   2          else if(st>=index+8||ed<=index)
 493   2          {
 494   3            number=0;
 495   3          }
 496   2          OLED_SetCursor(x,i);
 497   2          OLED_WriteData(number);
 498   2          index+=8;
 499   2        }
 500   1      }


MODULE INFORMATION:   STATIC OVERLAYABLE
   CODE SIZE        =   1200    ----
   CONSTANT SIZE    =   2096    ----
   XDATA SIZE       =   ----      33
   PDATA SIZE       =   ----    ----
   DATA SIZE        =   ----    ----
   IDATA SIZE       =   ----    ----
   BIT SIZE         =   ----    ----
END OF MODULE INFORMATION.


C51 COMPILATION COMPLETE.  0 WARNING(S),  0 ERROR(S)
